Build started 30.01.2017 11:36:32.
     1>Project "c:\Курсовий проект (Футбол) ООП SFML\Kursach\Kursach\Kursach.vcxproj" on node 2 (Build target(s)).
     1>C:\Program Files (x86)\MSBuild\Microsoft.Cpp\v4.0\V120\Microsoft.CppBuild.targets(381,5): warning MSB8028: The intermediate directory (Debug\) contains files shared from another project (Kursach.vcxproj).  This can lead to incorrect clean and rebuild behavior.
     1>ClCompile:
         D:\Andrey\Programs\Visual Studio 2013\VC\bin\CL.exe /c /ISFML\include /ZI /nologo /W3 /WX- /sdl /Od /Oy- /D SFML_DYNAMIC /D WIN32 /D _DEBUG /D _CONSOLE /D _LIB /D _UNICODE /D UNICODE /Gm /EHsc /RTC1 /MDd /GS /fp:precise /Zc:wchar_t /Zc:forScope /Fo"Debug\\" /Fd"Debug\vc120.pdb" /Gd /TP /analyze- /errorReport:prompt main.cpp
         main.cpp
     1>c:\курсовий проект (футбол) ооп sfml\kursach\kursach\soccer_man.h(107): warning C4244: 'argument' : conversion from 'float' to 'int', possible loss of data
     1>c:\курсовий проект (футбол) ооп sfml\kursach\kursach\soccer_man.h(108): warning C4244: 'argument' : conversion from 'float' to 'int', possible loss of data
     1>c:\курсовий проект (футбол) ооп sfml\kursach\kursach\soccer_man.h(134): warning C4305: '=' : truncation from 'double' to 'float'
     1>c:\курсовий проект (футбол) ооп sfml\kursach\kursach\soccer_man.h(135): warning C4305: '=' : truncation from 'double' to 'float'
     1>c:\курсовий проект (футбол) ооп sfml\kursach\kursach\soccer_man.h(136): warning C4305: '=' : truncation from 'double' to 'float'
     1>c:\курсовий проект (футбол) ооп sfml\kursach\kursach\soccer_man.h(140): warning C4244: '-=' : conversion from 'double' to 'float', possible loss of data
     1>c:\курсовий проект (футбол) ооп sfml\kursach\kursach\soccer_man.h(140): warning C4305: '+=' : truncation from 'double' to 'float'
     1>c:\курсовий проект (футбол) ооп sfml\kursach\kursach\soccer_man.h(140): warning C4305: '=' : truncation from 'double' to 'float'
     1>c:\курсовий проект (футбол) ооп sfml\kursach\kursach\soccer_man.h(142): warning C4244: '+=' : conversion from 'double' to 'float', possible loss of data
     1>c:\курсовий проект (футбол) ооп sfml\kursach\kursach\soccer_man.h(267): warning C4305: '=' : truncation from 'double' to 'float'
     1>c:\курсовий проект (футбол) ооп sfml\kursach\kursach\soccer_man.h(268): warning C4244: 'initializing' : conversion from 'float' to 'int', possible loss of data
     1>c:\курсовий проект (футбол) ооп sfml\kursach\kursach\soccer_man.h(269): warning C4244: '+=' : conversion from 'double' to 'float', possible loss of data
     1>c:\курсовий проект (футбол) ооп sfml\kursach\kursach\soccer_man.h(274): warning C4305: '=' : truncation from 'double' to 'float'
     1>c:\курсовий проект (футбол) ооп sfml\kursach\kursach\soccer_man.h(323): warning C4244: '+=' : conversion from 'double' to 'float', possible loss of data
     1>c:\курсовий проект (футбол) ооп sfml\kursach\kursach\soccer_man.h(325): warning C4305: '=' : truncation from 'double' to 'float'
     1>c:\курсовий проект (футбол) ооп sfml\kursach\kursach\soccer_man.h(338): warning C4244: '=' : conversion from 'int' to 'float', possible loss of data
     1>c:\курсовий проект (футбол) ооп sfml\kursach\kursach\soccer_man.h(339): warning C4244: '=' : conversion from 'int' to 'float', possible loss of data
     1>c:\курсовий проект (футбол) ооп sfml\kursach\kursach\soccer_man.h(345): warning C4244: 'initializing' : conversion from 'double' to 'float', possible loss of data
     1>c:\курсовий проект (футбол) ооп sfml\kursach\kursach\soccer_man.h(387): warning C4305: 'initializing' : truncation from 'double' to 'float'
     1>c:\курсовий проект (футбол) ооп sfml\kursach\kursach\soccer_man.h(395): warning C4305: '=' : truncation from 'double' to 'float'
     1>c:\курсовий проект (футбол) ооп sfml\kursach\kursach\soccer_man.h(466): warning C4244: '=' : conversion from 'int' to 'float', possible loss of data
     1>c:\курсовий проект (футбол) ооп sfml\kursach\kursach\soccer_man.h(510): warning C4244: '=' : conversion from 'float' to 'int', possible loss of data
     1>c:\курсовий проект (футбол) ооп sfml\kursach\kursach\soccer_man.h(539): warning C4244: 'argument' : conversion from 'float' to 'int', possible loss of data
     1>c:\курсовий проект (футбол) ооп sfml\kursach\kursach\soccer_man.h(546): warning C4244: 'argument' : conversion from 'float' to 'int', possible loss of data
     1>c:\курсовий проект (футбол) ооп sfml\kursach\kursach\soccer_man.h(591): warning C4244: '=' : conversion from 'int' to 'float', possible loss of data
     1>c:\курсовий проект (футбол) ооп sfml\kursach\kursach\soccer_ball.h(131): warning C4258: 'j' : definition from the for loop is ignored; the definition from the enclosing scope is used
                 c:\курсовий проект (футбол) ооп sfml\kursach\kursach\soccer_ball.h(130) : definition of 'j' ignored
                 c:\курсовий проект (футбол) ооп sfml\kursach\kursach\soccer_ball.h(121) : definition of 'j' used
     1>c:\курсовий проект (футбол) ооп sfml\kursach\kursach\soccer_ball.h(147): warning C4244: 'argument' : conversion from 'double' to 'float', possible loss of data
     1>c:\курсовий проект (футбол) ооп sfml\kursach\kursach\soccer_ball.h(148): warning C4244: 'argument' : conversion from 'double' to 'float', possible loss of data
     1>c:\курсовий проект (футбол) ооп sfml\kursach\kursach\soccer_ball.h(153): warning C4244: '+=' : conversion from 'double' to 'float', possible loss of data
     1>c:\курсовий проект (футбол) ооп sfml\kursach\kursach\soccer_ball.h(159): warning C4244: '-=' : conversion from 'double' to 'float', possible loss of data
     1>c:\курсовий проект (футбол) ооп sfml\kursach\kursach\soccer_ball.h(161): warning C4244: 'argument' : conversion from 'double' to 'float', possible loss of data
     1>c:\курсовий проект (футбол) ооп sfml\kursach\kursach\soccer_ball.h(162): warning C4244: 'argument' : conversion from 'double' to 'float', possible loss of data
     1>c:\курсовий проект (футбол) ооп sfml\kursach\kursach\soccer_ball.h(163): warning C4244: 'argument' : conversion from 'double' to 'float', possible loss of data
     1>c:\курсовий проект (футбол) ооп sfml\kursach\kursach\soccer_ball.h(164): warning C4244: 'argument' : conversion from 'double' to 'float', possible loss of data
     1>c:\курсовий проект (футбол) ооп sfml\kursach\kursach\soccer_ball.h(193): warning C4244: 'argument' : conversion from 'double' to 'float', possible loss of data
     1>c:\курсовий проект (футбол) ооп sfml\kursach\kursach\soccer_ball.h(195): warning C4244: 'argument' : conversion from 'double' to 'float', possible loss of data
     1>c:\курсовий проект (футбол) ооп sfml\kursach\kursach\soccer_ball.h(197): warning C4244: 'argument' : conversion from 'double' to 'float', possible loss of data
     1>c:\курсовий проект (футбол) ооп sfml\kursach\kursach\soccer_ball.h(199): warning C4244: 'argument' : conversion from 'double' to 'float', possible loss of data
     1>c:\курсовий проект (футбол) ооп sfml\kursach\kursach\soccer_ball.h(338): warning C4244: '+=' : conversion from 'double' to 'float', possible loss of data
     1>c:\курсовий проект (футбол) ооп sfml\kursach\kursach\soccer_ball.h(342): warning C4244: '-=' : conversion from 'double' to 'float', possible loss of data
     1>c:\курсовий проект (футбол) ооп sfml\kursach\kursach\soccer_ball.h(345): warning C4244: '+=' : conversion from 'double' to 'float', possible loss of data
     1>c:\курсовий проект (футбол) ооп sfml\kursach\kursach\soccer_ball.h(346): warning C4244: '+=' : conversion from 'double' to 'float', possible loss of data
     1>c:\курсовий проект (футбол) ооп sfml\kursach\kursach\soccer_field.h(115): warning C4244: 'argument' : conversion from 'unsigned int' to 'float', possible loss of data
     1>c:\курсовий проект (футбол) ооп sfml\kursach\kursach\soccer_field.h(116): warning C4244: 'argument' : conversion from 'double' to 'float', possible loss of data
     1>c:\курсовий проект (футбол) ооп sfml\kursach\kursach\soccer_field.h(133): warning C4305: '+=' : truncation from 'double' to 'float'
     1>c:\курсовий проект (футбол) ооп sfml\kursach\kursach\soccer_field.h(135): warning C4305: '-=' : truncation from 'double' to 'float'
     1>c:\курсовий проект (футбол) ооп sfml\kursach\kursach\soccer_field.h(136): warning C4244: 'argument' : conversion from 'float' to 'sf::Uint8', possible loss of data
     1>c:\курсовий проект (футбол) ооп sfml\kursach\kursach\menu.h(112): warning C4805: '==' : unsafe mix of type 'sf::Event::EventType' and type 'bool' in operation
     1>c:\курсовий проект (футбол) ооп sfml\kursach\kursach\menu.h(181): warning C4244: 'argument' : conversion from 'unsigned int' to 'float', possible loss of data
     1>c:\курсовий проект (футбол) ооп sfml\kursach\kursach\menu.h(185): warning C4244: 'argument' : conversion from 'const float' to 'unsigned int', possible loss of data
     1>c:\курсовий проект (футбол) ооп sfml\kursach\kursach\menu.h(192): warning C4244: 'argument' : conversion from 'const float' to 'unsigned int', possible loss of data
     1>c:\курсовий проект (футбол) ооп sfml\kursach\kursach\menu.h(198): warning C4244: 'argument' : conversion from 'const float' to 'unsigned int', possible loss of data
     1>c:\курсовий проект (футбол) ооп sfml\kursach\kursach\menu.h(203): warning C4244: 'argument' : conversion from 'const float' to 'unsigned int', possible loss of data
     1>c:\курсовий проект (футбол) ооп sfml\kursach\kursach\menu.h(220): warning C4244: 'argument' : conversion from 'unsigned int' to 'float', possible loss of data
     1>c:\курсовий проект (футбол) ооп sfml\kursach\kursach\menu.h(221): warning C4244: 'argument' : conversion from 'unsigned int' to 'float', possible loss of data
     1>c:\курсовий проект (футбол) ооп sfml\kursach\kursach\menu.h(273): warning C4018: '>' : signed/unsigned mismatch
     1>c:\курсовий проект (футбол) ооп sfml\kursach\kursach\menu.h(288): warning C4244: 'argument' : conversion from 'unsigned int' to 'float', possible loss of data
     1>c:\курсовий проект (футбол) ооп sfml\kursach\kursach\main.cpp(52): warning C4244: 'initializing' : conversion from 'sf::Int64' to 'float', possible loss of data
     1>c:\курсовий проект (футбол) ооп sfml\kursach\kursach\main.cpp(91): warning C4800: 'int' : forcing value to bool 'true' or 'false' (performance warning)
     1>c:\курсовий проект (футбол) ооп sfml\kursach\kursach\main.cpp(92): warning C4800: 'int' : forcing value to bool 'true' or 'false' (performance warning)
       Link:
         D:\Andrey\Programs\Visual Studio 2013\VC\bin\link.exe /ERRORREPORT:PROMPT /OUT:"C:\Курсовий проект (Футбол) ООП SFML\Kursach\Debug\Soccer.exe" /INCREMENTAL /NOLOGO /LIBPATH:SFML\lib "sfml-graphics-d.lib" "sfml-window-d.lib" "sfml-system-d.lib" "sfml-audio-d.lib" kernel32.lib user32.lib gdi32.lib winspool.lib comdlg32.lib advapi32.lib shell32.lib ole32.lib oleaut32.lib uuid.lib odbc32.lib odbccp32.lib kernel32.lib user32.lib gdi32.lib winspool.lib comdlg32.lib advapi32.lib shell32.lib ole32.lib oleaut32.lib uuid.lib odbc32.lib odbccp32.lib /MANIFEST /MANIFESTUAC:"level='asInvoker' uiAccess='false'" /manifest:embed /DEBUG /PDB:"C:\Курсовий проект (Футбол) ООП SFML\Kursach\Debug\Soccer.pdb" /SUBSYSTEM:CONSOLE /TLBID:1 /DYNAMICBASE /NXCOMPAT /IMPLIB:"C:\Курсовий проект (Футбол) ООП SFML\Kursach\Debug\Soccer.lib" /MACHINE:X86 Debug\main.obj
         LINK : C:\Курсовий проект (Футбол) ООП SFML\Kursach\Debug\Soccer.exe not found or not built by the last incremental link; performing full link
         Kursach.vcxproj -> C:\Курсовий проект (Футбол) ООП SFML\Kursach\Debug\Soccer.exe
     1>Done Building Project "c:\Курсовий проект (Футбол) ООП SFML\Kursach\Kursach\Kursach.vcxproj" (Build target(s)).

Build succeeded.

Time Elapsed 00:00:06.92
